{"level":"info","message":"::1 - - [10/Oct/2021:09:57:51 +0000] \"GET / HTTP/1.1\" 200 1407 \"-\" \"Mozilla/5.0 (Windows NT 10.0; Win64; x64) AppleWebKit/537.36 (KHTML, like Gecko) Chrome/94.0.4606.71 Safari/537.36\"\n"}
{"level":"info","message":"::1 - - [10/Oct/2021:09:57:51 +0000] \"GET /style.css HTTP/1.1\" 200 3918 \"http://localhost:8000/\" \"Mozilla/5.0 (Windows NT 10.0; Win64; x64) AppleWebKit/537.36 (KHTML, like Gecko) Chrome/94.0.4606.71 Safari/537.36\"\n"}
{"level":"info","message":"::1 - - [10/Oct/2021:09:57:51 +0000] \"GET /script.js HTTP/1.1\" 200 10325 \"http://localhost:8000/\" \"Mozilla/5.0 (Windows NT 10.0; Win64; x64) AppleWebKit/537.36 (KHTML, like Gecko) Chrome/94.0.4606.71 Safari/537.36\"\n"}
{"level":"info","message":"::1 - - [10/Oct/2021:09:57:51 +0000] \"GET /shadow.png HTTP/1.1\" 200 14732 \"http://localhost:8000/\" \"Mozilla/5.0 (Windows NT 10.0; Win64; x64) AppleWebKit/537.36 (KHTML, like Gecko) Chrome/94.0.4606.71 Safari/537.36\"\n"}
{"level":"info","message":"::1 - - [10/Oct/2021:09:57:51 +0000] \"GET /api/tickers HTTP/1.1\" 200 273641 \"http://localhost:8000/\" \"Mozilla/5.0 (Windows NT 10.0; Win64; x64) AppleWebKit/537.36 (KHTML, like Gecko) Chrome/94.0.4606.71 Safari/537.36\"\n"}
{"level":"info","message":"::1 - - [10/Oct/2021:09:57:51 +0000] \"GET /favicon.ico HTTP/1.1\" 404 150 \"http://localhost:8000/\" \"Mozilla/5.0 (Windows NT 10.0; Win64; x64) AppleWebKit/537.36 (KHTML, like Gecko) Chrome/94.0.4606.71 Safari/537.36\"\n"}
{"level":"info","message":"::1 - - [10/Oct/2021:09:57:52 +0000] \"POST /api/tickersData HTTP/1.1\" 200 62437 \"http://localhost:8000/\" \"Mozilla/5.0 (Windows NT 10.0; Win64; x64) AppleWebKit/537.36 (KHTML, like Gecko) Chrome/94.0.4606.71 Safari/537.36\"\n"}
{"level":"info","message":"::1 - - [10/Oct/2021:09:57:59 +0000] \"POST /api/tickersData HTTP/1.1\" 200 60316 \"http://localhost:8000/\" \"Mozilla/5.0 (Windows NT 10.0; Win64; x64) AppleWebKit/537.36 (KHTML, like Gecko) Chrome/94.0.4606.71 Safari/537.36\"\n"}
{"level":"info","message":"::1 - - [10/Oct/2021:10:01:12 +0000] \"POST /api/tickersData HTTP/1.1\" 200 40077 \"http://localhost:8000/\" \"Mozilla/5.0 (Windows NT 10.0; Win64; x64) AppleWebKit/537.36 (KHTML, like Gecko) Chrome/94.0.4606.71 Safari/537.36\"\n"}
{"level":"info","message":"::1 - - [10/Oct/2021:10:01:28 +0000] \"GET /api/index HTTP/1.1\" 200 11 \"http://localhost:8000/\" \"Mozilla/5.0 (Windows NT 10.0; Win64; x64) AppleWebKit/537.36 (KHTML, like Gecko) Chrome/94.0.4606.71 Safari/537.36\"\n"}
{"level":"info","message":"::1 - - [10/Oct/2021:10:01:29 +0000] \"GET /api/index HTTP/1.1\" 304 - \"http://localhost:8000/\" \"Mozilla/5.0 (Windows NT 10.0; Win64; x64) AppleWebKit/537.36 (KHTML, like Gecko) Chrome/94.0.4606.71 Safari/537.36\"\n"}
{"level":"info","message":"::1 - - [10/Oct/2021:10:01:30 +0000] \"GET /api/index HTTP/1.1\" 304 - \"http://localhost:8000/\" \"Mozilla/5.0 (Windows NT 10.0; Win64; x64) AppleWebKit/537.36 (KHTML, like Gecko) Chrome/94.0.4606.71 Safari/537.36\"\n"}
{"level":"info","message":"::1 - - [10/Oct/2021:10:01:31 +0000] \"GET /api/index HTTP/1.1\" 200 11 \"http://localhost:8000/\" \"Mozilla/5.0 (Windows NT 10.0; Win64; x64) AppleWebKit/537.36 (KHTML, like Gecko) Chrome/94.0.4606.71 Safari/537.36\"\n"}
{"level":"info","message":"::1 - - [10/Oct/2021:10:01:32 +0000] \"GET /api/index HTTP/1.1\" 304 - \"http://localhost:8000/\" \"Mozilla/5.0 (Windows NT 10.0; Win64; x64) AppleWebKit/537.36 (KHTML, like Gecko) Chrome/94.0.4606.71 Safari/537.36\"\n"}
{"level":"info","message":"::1 - - [10/Oct/2021:10:01:33 +0000] \"GET /api/index HTTP/1.1\" 200 11 \"http://localhost:8000/\" \"Mozilla/5.0 (Windows NT 10.0; Win64; x64) AppleWebKit/537.36 (KHTML, like Gecko) Chrome/94.0.4606.71 Safari/537.36\"\n"}
{"level":"info","message":"::1 - - [10/Oct/2021:10:01:34 +0000] \"GET /api/index HTTP/1.1\" 304 - \"http://localhost:8000/\" \"Mozilla/5.0 (Windows NT 10.0; Win64; x64) AppleWebKit/537.36 (KHTML, like Gecko) Chrome/94.0.4606.71 Safari/537.36\"\n"}
{"level":"info","message":"::1 - - [10/Oct/2021:10:01:35 +0000] \"GET /api/index HTTP/1.1\" 200 11 \"http://localhost:8000/\" \"Mozilla/5.0 (Windows NT 10.0; Win64; x64) AppleWebKit/537.36 (KHTML, like Gecko) Chrome/94.0.4606.71 Safari/537.36\"\n"}
{"level":"info","message":"::1 - - [10/Oct/2021:10:01:36 +0000] \"GET /api/index HTTP/1.1\" 304 - \"http://localhost:8000/\" \"Mozilla/5.0 (Windows NT 10.0; Win64; x64) AppleWebKit/537.36 (KHTML, like Gecko) Chrome/94.0.4606.71 Safari/537.36\"\n"}
{"level":"info","message":"::1 - - [10/Oct/2021:10:01:37 +0000] \"GET /api/index HTTP/1.1\" 304 - \"http://localhost:8000/\" \"Mozilla/5.0 (Windows NT 10.0; Win64; x64) AppleWebKit/537.36 (KHTML, like Gecko) Chrome/94.0.4606.71 Safari/537.36\"\n"}
{"level":"info","message":"::1 - - [10/Oct/2021:10:01:38 +0000] \"GET /api/index HTTP/1.1\" 200 11 \"http://localhost:8000/\" \"Mozilla/5.0 (Windows NT 10.0; Win64; x64) AppleWebKit/537.36 (KHTML, like Gecko) Chrome/94.0.4606.71 Safari/537.36\"\n"}
{"level":"info","message":"::1 - - [10/Oct/2021:10:01:39 +0000] \"GET /api/index HTTP/1.1\" 200 11 \"http://localhost:8000/\" \"Mozilla/5.0 (Windows NT 10.0; Win64; x64) AppleWebKit/537.36 (KHTML, like Gecko) Chrome/94.0.4606.71 Safari/537.36\"\n"}
{"level":"info","message":"::1 - - [10/Oct/2021:10:01:40 +0000] \"GET /api/index HTTP/1.1\" 200 11 \"http://localhost:8000/\" \"Mozilla/5.0 (Windows NT 10.0; Win64; x64) AppleWebKit/537.36 (KHTML, like Gecko) Chrome/94.0.4606.71 Safari/537.36\"\n"}
{"level":"info","message":"::1 - - [10/Oct/2021:10:01:41 +0000] \"GET /api/index HTTP/1.1\" 200 11 \"http://localhost:8000/\" \"Mozilla/5.0 (Windows NT 10.0; Win64; x64) AppleWebKit/537.36 (KHTML, like Gecko) Chrome/94.0.4606.71 Safari/537.36\"\n"}
{"level":"info","message":"::1 - - [10/Oct/2021:10:01:42 +0000] \"GET /api/index HTTP/1.1\" 304 - \"http://localhost:8000/\" \"Mozilla/5.0 (Windows NT 10.0; Win64; x64) AppleWebKit/537.36 (KHTML, like Gecko) Chrome/94.0.4606.71 Safari/537.36\"\n"}
{"level":"info","message":"::1 - - [10/Oct/2021:10:01:43 +0000] \"GET /api/index HTTP/1.1\" 200 11 \"http://localhost:8000/\" \"Mozilla/5.0 (Windows NT 10.0; Win64; x64) AppleWebKit/537.36 (KHTML, like Gecko) Chrome/94.0.4606.71 Safari/537.36\"\n"}
{"level":"info","message":"::1 - - [10/Oct/2021:10:01:44 +0000] \"GET /api/index HTTP/1.1\" 200 12 \"http://localhost:8000/\" \"Mozilla/5.0 (Windows NT 10.0; Win64; x64) AppleWebKit/537.36 (KHTML, like Gecko) Chrome/94.0.4606.71 Safari/537.36\"\n"}
{"level":"info","message":"::1 - - [10/Oct/2021:10:01:45 +0000] \"GET /api/index HTTP/1.1\" 304 - \"http://localhost:8000/\" \"Mozilla/5.0 (Windows NT 10.0; Win64; x64) AppleWebKit/537.36 (KHTML, like Gecko) Chrome/94.0.4606.71 Safari/537.36\"\n"}
{"level":"info","message":"::1 - - [10/Oct/2021:10:01:46 +0000] \"GET /api/index HTTP/1.1\" 200 12 \"http://localhost:8000/\" \"Mozilla/5.0 (Windows NT 10.0; Win64; x64) AppleWebKit/537.36 (KHTML, like Gecko) Chrome/94.0.4606.71 Safari/537.36\"\n"}
{"level":"info","message":"::1 - - [10/Oct/2021:10:01:47 +0000] \"GET /api/index HTTP/1.1\" 304 - \"http://localhost:8000/\" \"Mozilla/5.0 (Windows NT 10.0; Win64; x64) AppleWebKit/537.36 (KHTML, like Gecko) Chrome/94.0.4606.71 Safari/537.36\"\n"}
{"level":"info","message":"::1 - - [10/Oct/2021:10:01:48 +0000] \"GET /api/index HTTP/1.1\" 200 12 \"http://localhost:8000/\" \"Mozilla/5.0 (Windows NT 10.0; Win64; x64) AppleWebKit/537.36 (KHTML, like Gecko) Chrome/94.0.4606.71 Safari/537.36\"\n"}
{"level":"info","message":"::1 - - [10/Oct/2021:10:01:49 +0000] \"GET /api/index HTTP/1.1\" 200 12 \"http://localhost:8000/\" \"Mozilla/5.0 (Windows NT 10.0; Win64; x64) AppleWebKit/537.36 (KHTML, like Gecko) Chrome/94.0.4606.71 Safari/537.36\"\n"}
{"level":"info","message":"::1 - - [10/Oct/2021:10:01:50 +0000] \"GET /api/index HTTP/1.1\" 304 - \"http://localhost:8000/\" \"Mozilla/5.0 (Windows NT 10.0; Win64; x64) AppleWebKit/537.36 (KHTML, like Gecko) Chrome/94.0.4606.71 Safari/537.36\"\n"}
{"level":"info","message":"::1 - - [10/Oct/2021:10:01:51 +0000] \"GET /api/index HTTP/1.1\" 200 12 \"http://localhost:8000/\" \"Mozilla/5.0 (Windows NT 10.0; Win64; x64) AppleWebKit/537.36 (KHTML, like Gecko) Chrome/94.0.4606.71 Safari/537.36\"\n"}
{"level":"info","message":"::1 - - [10/Oct/2021:10:01:52 +0000] \"GET /api/index HTTP/1.1\" 200 12 \"http://localhost:8000/\" \"Mozilla/5.0 (Windows NT 10.0; Win64; x64) AppleWebKit/537.36 (KHTML, like Gecko) Chrome/94.0.4606.71 Safari/537.36\"\n"}
{"level":"info","message":"::1 - - [10/Oct/2021:10:01:53 +0000] \"GET /api/index HTTP/1.1\" 304 - \"http://localhost:8000/\" \"Mozilla/5.0 (Windows NT 10.0; Win64; x64) AppleWebKit/537.36 (KHTML, like Gecko) Chrome/94.0.4606.71 Safari/537.36\"\n"}
{"level":"info","message":"::1 - - [10/Oct/2021:10:01:54 +0000] \"GET /api/index HTTP/1.1\" 200 12 \"http://localhost:8000/\" \"Mozilla/5.0 (Windows NT 10.0; Win64; x64) AppleWebKit/537.36 (KHTML, like Gecko) Chrome/94.0.4606.71 Safari/537.36\"\n"}
{"level":"info","message":"::1 - - [10/Oct/2021:10:01:55 +0000] \"GET /api/index HTTP/1.1\" 304 - \"http://localhost:8000/\" \"Mozilla/5.0 (Windows NT 10.0; Win64; x64) AppleWebKit/537.36 (KHTML, like Gecko) Chrome/94.0.4606.71 Safari/537.36\"\n"}
{"level":"info","message":"::1 - - [10/Oct/2021:10:01:56 +0000] \"GET /api/index HTTP/1.1\" 200 12 \"http://localhost:8000/\" \"Mozilla/5.0 (Windows NT 10.0; Win64; x64) AppleWebKit/537.36 (KHTML, like Gecko) Chrome/94.0.4606.71 Safari/537.36\"\n"}
{"level":"info","message":"::1 - - [10/Oct/2021:10:01:57 +0000] \"GET /api/index HTTP/1.1\" 304 - \"http://localhost:8000/\" \"Mozilla/5.0 (Windows NT 10.0; Win64; x64) AppleWebKit/537.36 (KHTML, like Gecko) Chrome/94.0.4606.71 Safari/537.36\"\n"}
{"level":"info","message":"::1 - - [10/Oct/2021:10:01:58 +0000] \"GET /api/index HTTP/1.1\" 200 12 \"http://localhost:8000/\" \"Mozilla/5.0 (Windows NT 10.0; Win64; x64) AppleWebKit/537.36 (KHTML, like Gecko) Chrome/94.0.4606.71 Safari/537.36\"\n"}
{"level":"info","message":"::1 - - [10/Oct/2021:10:01:59 +0000] \"GET /api/index HTTP/1.1\" 200 12 \"http://localhost:8000/\" \"Mozilla/5.0 (Windows NT 10.0; Win64; x64) AppleWebKit/537.36 (KHTML, like Gecko) Chrome/94.0.4606.71 Safari/537.36\"\n"}
{"level":"info","message":"::1 - - [10/Oct/2021:10:02:00 +0000] \"GET /api/index HTTP/1.1\" 304 - \"http://localhost:8000/\" \"Mozilla/5.0 (Windows NT 10.0; Win64; x64) AppleWebKit/537.36 (KHTML, like Gecko) Chrome/94.0.4606.71 Safari/537.36\"\n"}
{"level":"info","message":"::1 - - [10/Oct/2021:10:02:01 +0000] \"GET /api/index HTTP/1.1\" 200 12 \"http://localhost:8000/\" \"Mozilla/5.0 (Windows NT 10.0; Win64; x64) AppleWebKit/537.36 (KHTML, like Gecko) Chrome/94.0.4606.71 Safari/537.36\"\n"}
{"level":"info","message":"::1 - - [10/Oct/2021:10:02:02 +0000] \"GET /api/index HTTP/1.1\" 304 - \"http://localhost:8000/\" \"Mozilla/5.0 (Windows NT 10.0; Win64; x64) AppleWebKit/537.36 (KHTML, like Gecko) Chrome/94.0.4606.71 Safari/537.36\"\n"}
{"level":"info","message":"::1 - - [10/Oct/2021:10:02:03 +0000] \"GET /api/index HTTP/1.1\" 200 12 \"http://localhost:8000/\" \"Mozilla/5.0 (Windows NT 10.0; Win64; x64) AppleWebKit/537.36 (KHTML, like Gecko) Chrome/94.0.4606.71 Safari/537.36\"\n"}
{"level":"info","message":"::1 - - [10/Oct/2021:10:02:04 +0000] \"GET /api/index HTTP/1.1\" 304 - \"http://localhost:8000/\" \"Mozilla/5.0 (Windows NT 10.0; Win64; x64) AppleWebKit/537.36 (KHTML, like Gecko) Chrome/94.0.4606.71 Safari/537.36\"\n"}
{"level":"info","message":"::1 - - [10/Oct/2021:10:02:05 +0000] \"GET /api/index HTTP/1.1\" 200 12 \"http://localhost:8000/\" \"Mozilla/5.0 (Windows NT 10.0; Win64; x64) AppleWebKit/537.36 (KHTML, like Gecko) Chrome/94.0.4606.71 Safari/537.36\"\n"}
{"level":"info","message":"::1 - - [10/Oct/2021:10:02:06 +0000] \"GET /api/index HTTP/1.1\" 304 - \"http://localhost:8000/\" \"Mozilla/5.0 (Windows NT 10.0; Win64; x64) AppleWebKit/537.36 (KHTML, like Gecko) Chrome/94.0.4606.71 Safari/537.36\"\n"}
{"level":"info","message":"::1 - - [10/Oct/2021:10:02:07 +0000] \"GET /api/index HTTP/1.1\" 200 12 \"http://localhost:8000/\" \"Mozilla/5.0 (Windows NT 10.0; Win64; x64) AppleWebKit/537.36 (KHTML, like Gecko) Chrome/94.0.4606.71 Safari/537.36\"\n"}
{"level":"info","message":"::1 - - [10/Oct/2021:10:02:08 +0000] \"GET /api/index HTTP/1.1\" 200 12 \"http://localhost:8000/\" \"Mozilla/5.0 (Windows NT 10.0; Win64; x64) AppleWebKit/537.36 (KHTML, like Gecko) Chrome/94.0.4606.71 Safari/537.36\"\n"}
{"level":"info","message":"::1 - - [10/Oct/2021:10:02:09 +0000] \"GET /api/index HTTP/1.1\" 200 12 \"http://localhost:8000/\" \"Mozilla/5.0 (Windows NT 10.0; Win64; x64) AppleWebKit/537.36 (KHTML, like Gecko) Chrome/94.0.4606.71 Safari/537.36\"\n"}
{"level":"info","message":"::1 - - [10/Oct/2021:10:02:10 +0000] \"GET /api/index HTTP/1.1\" 200 12 \"http://localhost:8000/\" \"Mozilla/5.0 (Windows NT 10.0; Win64; x64) AppleWebKit/537.36 (KHTML, like Gecko) Chrome/94.0.4606.71 Safari/537.36\"\n"}
{"level":"info","message":"::1 - - [10/Oct/2021:10:02:11 +0000] \"GET /api/index HTTP/1.1\" 304 - \"http://localhost:8000/\" \"Mozilla/5.0 (Windows NT 10.0; Win64; x64) AppleWebKit/537.36 (KHTML, like Gecko) Chrome/94.0.4606.71 Safari/537.36\"\n"}
{"level":"info","message":"::1 - - [10/Oct/2021:10:02:12 +0000] \"GET /api/index HTTP/1.1\" 200 12 \"http://localhost:8000/\" \"Mozilla/5.0 (Windows NT 10.0; Win64; x64) AppleWebKit/537.36 (KHTML, like Gecko) Chrome/94.0.4606.71 Safari/537.36\"\n"}
{"level":"info","message":"::1 - - [10/Oct/2021:10:02:13 +0000] \"GET /api/index HTTP/1.1\" 304 - \"http://localhost:8000/\" \"Mozilla/5.0 (Windows NT 10.0; Win64; x64) AppleWebKit/537.36 (KHTML, like Gecko) Chrome/94.0.4606.71 Safari/537.36\"\n"}
{"level":"info","message":"::1 - - [10/Oct/2021:10:02:14 +0000] \"GET /api/index HTTP/1.1\" 200 12 \"http://localhost:8000/\" \"Mozilla/5.0 (Windows NT 10.0; Win64; x64) AppleWebKit/537.36 (KHTML, like Gecko) Chrome/94.0.4606.71 Safari/537.36\"\n"}
{"level":"info","message":"::1 - - [10/Oct/2021:10:02:15 +0000] \"GET /api/index HTTP/1.1\" 304 - \"http://localhost:8000/\" \"Mozilla/5.0 (Windows NT 10.0; Win64; x64) AppleWebKit/537.36 (KHTML, like Gecko) Chrome/94.0.4606.71 Safari/537.36\"\n"}
{"level":"info","message":"::1 - - [10/Oct/2021:10:02:16 +0000] \"GET /api/index HTTP/1.1\" 200 12 \"http://localhost:8000/\" \"Mozilla/5.0 (Windows NT 10.0; Win64; x64) AppleWebKit/537.36 (KHTML, like Gecko) Chrome/94.0.4606.71 Safari/537.36\"\n"}
{"level":"info","message":"::1 - - [10/Oct/2021:10:02:17 +0000] \"GET /api/index HTTP/1.1\" 304 - \"http://localhost:8000/\" \"Mozilla/5.0 (Windows NT 10.0; Win64; x64) AppleWebKit/537.36 (KHTML, like Gecko) Chrome/94.0.4606.71 Safari/537.36\"\n"}
{"level":"info","message":"::1 - - [10/Oct/2021:10:02:18 +0000] \"GET /api/index HTTP/1.1\" 200 12 \"http://localhost:8000/\" \"Mozilla/5.0 (Windows NT 10.0; Win64; x64) AppleWebKit/537.36 (KHTML, like Gecko) Chrome/94.0.4606.71 Safari/537.36\"\n"}
{"level":"info","message":"::1 - - [10/Oct/2021:10:02:19 +0000] \"GET /api/refresh HTTP/1.1\" 200 35 \"http://localhost:8000/\" \"Mozilla/5.0 (Windows NT 10.0; Win64; x64) AppleWebKit/537.36 (KHTML, like Gecko) Chrome/94.0.4606.71 Safari/537.36\"\n"}
{"level":"info","message":"::1 - - [10/Oct/2021:10:02:19 +0000] \"GET /api/index HTTP/1.1\" 200 11 \"http://localhost:8000/\" \"Mozilla/5.0 (Windows NT 10.0; Win64; x64) AppleWebKit/537.36 (KHTML, like Gecko) Chrome/94.0.4606.71 Safari/537.36\"\n"}
{"level":"info","message":"::1 - - [10/Oct/2021:10:02:19 +0000] \"GET / HTTP/1.1\" 304 - \"http://localhost:8000/\" \"Mozilla/5.0 (Windows NT 10.0; Win64; x64) AppleWebKit/537.36 (KHTML, like Gecko) Chrome/94.0.4606.71 Safari/537.36\"\n"}
{"level":"info","message":"::1 - - [10/Oct/2021:10:02:19 +0000] \"GET /style.css HTTP/1.1\" 304 - \"http://localhost:8000/\" \"Mozilla/5.0 (Windows NT 10.0; Win64; x64) AppleWebKit/537.36 (KHTML, like Gecko) Chrome/94.0.4606.71 Safari/537.36\"\n"}
{"level":"info","message":"::1 - - [10/Oct/2021:10:02:19 +0000] \"GET /script.js HTTP/1.1\" 304 - \"http://localhost:8000/\" \"Mozilla/5.0 (Windows NT 10.0; Win64; x64) AppleWebKit/537.36 (KHTML, like Gecko) Chrome/94.0.4606.71 Safari/537.36\"\n"}
{"level":"info","message":"::1 - - [10/Oct/2021:10:02:20 +0000] \"GET /shadow.png HTTP/1.1\" 304 - \"http://localhost:8000/\" \"Mozilla/5.0 (Windows NT 10.0; Win64; x64) AppleWebKit/537.36 (KHTML, like Gecko) Chrome/94.0.4606.71 Safari/537.36\"\n"}
{"level":"info","message":"::1 - - [10/Oct/2021:10:02:20 +0000] \"GET /api/tickers HTTP/1.1\" 200 273638 \"http://localhost:8000/\" \"Mozilla/5.0 (Windows NT 10.0; Win64; x64) AppleWebKit/537.36 (KHTML, like Gecko) Chrome/94.0.4606.71 Safari/537.36\"\n"}
{"level":"info","message":"::1 - - [10/Oct/2021:10:02:20 +0000] \"POST /api/tickersData HTTP/1.1\" 200 61980 \"http://localhost:8000/\" \"Mozilla/5.0 (Windows NT 10.0; Win64; x64) AppleWebKit/537.36 (KHTML, like Gecko) Chrome/94.0.4606.71 Safari/537.36\"\n"}
